2010-08-31 15:45:36 Notice: Notice (1024): Please change the value of 'Security.salt' in app/config/core.php to a salt value specific to your application in [CORE/cake/libs/debugger.php, line 557]
2010-08-31 15:54:02 Notice: Notice (8): Undefined variable: authRealname in [APP/views/elements/layout_head.ctp, line 6]
2010-08-31 15:54:02 Notice: Notice (8): Undefined variable: javascript in [APP/views/layouts/default.ctp, line 38]
2010-08-31 15:56:43 Notice: Notice (8): Undefined variable: authRealname in [APP/views/elements/layout_head.ctp, line 6]
2010-08-31 15:56:43 Notice: Notice (8): Undefined variable: javascript in [APP/views/layouts/default.ctp, line 38]
2010-08-31 15:56:47 Notice: Notice (8): Undefined variable: authRealname in [APP/views/elements/layout_head.ctp, line 6]
2010-08-31 15:56:47 Notice: Notice (8): Undefined variable: javascript in [APP/views/layouts/default.ctp, line 38]
2010-08-31 15:57:39 Notice: Notice (8): Undefined variable: authRealname in [APP/views/elements/layout_head.ctp, line 6]
2010-08-31 15:57:39 Notice: Notice (8): Undefined variable: javascript in [APP/views/layouts/default.ctp, line 38]
2010-08-31 15:57:41 Notice: Notice (8): Undefined variable: authRealname in [APP/views/elements/layout_head.ctp, line 6]
2010-08-31 15:57:41 Notice: Notice (8): Undefined variable: javascript in [APP/views/layouts/default.ctp, line 38]
2010-08-31 15:57:54 Notice: Notice (8): Undefined variable: authRealname in [APP/views/elements/layout_head.ctp, line 6]
2010-08-31 15:57:54 Notice: Notice (8): Undefined variable: javascript in [APP/views/layouts/default.ctp, line 38]
2010-08-31 15:58:00 Notice: Notice (8): Undefined variable: authRealname in [APP/views/elements/layout_head.ctp, line 6]
2010-08-31 15:58:00 Notice: Notice (8): Undefined variable: javascript in [APP/views/layouts/default.ctp, line 38]
2010-08-31 15:58:27 Notice: Notice (8): Undefined variable: authRealname in [APP/views/elements/layout_head.ctp, line 6]
2010-08-31 15:58:27 Notice: Notice (8): Undefined variable: javascript in [APP/views/layouts/default.ctp, line 38]
2010-08-31 15:58:35 Notice: Notice (8): Undefined variable: authRealname in [APP/views/elements/layout_head.ctp, line 6]
2010-08-31 15:58:35 Notice: Notice (8): Undefined variable: javascript in [APP/views/layouts/default.ctp, line 38]
2010-08-31 15:58:44 Notice: Notice (8): Undefined variable: authRealname in [APP/views/elements/layout_head.ctp, line 6]
2010-08-31 15:58:44 Notice: Notice (8): Undefined variable: javascript in [APP/views/layouts/default.ctp, line 38]
2010-08-31 15:58:49 Notice: Notice (8): Undefined variable: authRealname in [APP/views/elements/layout_head.ctp, line 6]
2010-08-31 15:58:49 Notice: Notice (8): Undefined variable: javascript in [APP/views/layouts/default.ctp, line 38]
2010-08-31 15:59:01 Notice: Notice (8): Undefined variable: authRealname in [APP/views/elements/layout_head.ctp, line 6]
2010-08-31 15:59:01 Notice: Notice (8): Undefined variable: javascript in [APP/views/layouts/default.ctp, line 38]
2010-08-31 15:59:05 Notice: Notice (8): Undefined variable: authRealname in [APP/views/elements/layout_head.ctp, line 6]
2010-08-31 15:59:05 Notice: Notice (8): Undefined variable: javascript in [APP/views/layouts/default.ctp, line 38]
2010-08-31 15:59:14 Notice: Notice (8): Undefined variable: authRealname in [APP/views/elements/layout_head.ctp, line 6]
2010-08-31 15:59:14 Notice: Notice (8): Undefined variable: javascript in [APP/views/layouts/default.ctp, line 38]
2010-08-31 16:01:21 Notice: Notice (8): Undefined variable: authRealname in [APP/views/elements/layout_head.ctp, line 6]
2010-08-31 16:01:21 Notice: Notice (8): Undefined variable: javascript in [APP/views/layouts/default.ctp, line 38]
2010-08-31 16:01:25 Notice: Notice (8): Undefined variable: authRealname in [APP/views/elements/layout_head.ctp, line 6]
2010-08-31 16:01:25 Notice: Notice (8): Undefined variable: javascript in [APP/views/layouts/default.ctp, line 38]
2010-08-31 16:01:29 Notice: Notice (8): Undefined variable: authRealname in [APP/views/elements/layout_head.ctp, line 6]
2010-08-31 16:01:29 Notice: Notice (8): Undefined variable: javascript in [APP/views/layouts/default.ctp, line 38]
2010-08-31 16:02:38 Notice: Notice (8): Undefined variable: authRealname in [APP/views/elements/layout_head.ctp, line 6]
2010-08-31 16:02:38 Notice: Notice (8): Undefined variable: javascript in [APP/views/layouts/default.ctp, line 38]
2010-08-31 16:04:08 Notice: Notice (8): Undefined variable: authRealname in [APP/views/elements/layout_head.ctp, line 6]
2010-08-31 16:04:08 Notice: Notice (8): Undefined variable: javascript in [APP/views/layouts/default.ctp, line 37]
2010-08-31 16:04:21 Notice: Notice (8): Undefined variable: authRealname in [APP/views/elements/layout_head.ctp, line 6]
2010-08-31 16:04:21 Notice: Notice (8): Undefined variable: javascript in [APP/views/layouts/default.ctp, line 37]
2010-08-31 16:04:31 Notice: Notice (8): Undefined variable: javascript in [APP/views/layouts/default.ctp, line 37]
2010-08-31 16:04:55 Notice: Notice (8): Undefined variable: javascript in [APP/views/layouts/default.ctp, line 38]
2010-08-31 16:05:02 Notice: Notice (8): Undefined variable: javascript in [APP/views/layouts/default.ctp, line 39]
2010-08-31 16:06:02 Notice: Notice (8): Undefined variable: authRealname in [APP/views/elements/layout_head.ctp, line 6]
2010-08-31 16:06:02 Notice: Notice (8): Undefined variable: javascript in [APP/views/layouts/default.ctp, line 37]
2010-08-31 16:08:45 Notice: Notice (8): Undefined variable: authRealname in [APP/views/elements/layout_head.ctp, line 6]
2010-08-31 16:08:49 Notice: Notice (8): Undefined variable: authRealname in [APP/views/elements/layout_head.ctp, line 6]
2010-08-31 16:08:51 Notice: Notice (8): Undefined variable: authRealname in [APP/views/elements/layout_head.ctp, line 6]
2010-08-31 16:08:54 Notice: Notice (8): Undefined variable: authRealname in [APP/views/elements/layout_head.ctp, line 6]
2010-08-31 16:08:57 Notice: Notice (8): Undefined variable: authRealname in [APP/views/elements/layout_head.ctp, line 6]
2010-08-31 16:08:59 Notice: Notice (8): Undefined variable: authRealname in [APP/views/elements/layout_head.ctp, line 6]
2010-08-31 16:09:02 Notice: Notice (8): Undefined variable: authRealname in [APP/views/elements/layout_head.ctp, line 6]
2014-01-07 14:58:21 Debug: Notice (8): Undefined variable: authRealname in [APP\views\elements\layout_head.ctp, line 6]
2014-01-07 15:26:54 Debug: Notice (8): Undefined variable: authRealname in [APP\views\elements\layout_head.ctp, line 6]
2014-01-07 15:26:55 Debug: Notice (8): Undefined variable: authRealname in [APP\views\elements\layout_head.ctp, line 6]
2014-01-07 15:27:18 Debug: Notice (8): Undefined variable: authRealname in [APP\views\elements\layout_head.ctp, line 6]
2014-01-07 15:27:23 Debug: Notice (8): Undefined variable: authRealname in [APP\views\elements\layout_head.ctp, line 6]
2014-01-07 15:27:34 Debug: Notice (8): Undefined variable: authRealname in [APP\views\elements\layout_head.ctp, line 6]
2014-01-07 15:28:21 Debug: Notice (8): Undefined variable: authRealname in [APP\views\elements\layout_head.ctp, line 6]
2014-01-07 15:28:24 Debug: Notice (8): Undefined variable: authRealname in [APP\views\elements\layout_head.ctp, line 6]
2014-01-07 15:28:25 Debug: Notice (8): Undefined variable: authRealname in [APP\views\elements\layout_head.ctp, line 6]
2014-01-07 15:28:34 Debug: Notice (8): Undefined variable: authRealname in [APP\views\elements\layout_head.ctp, line 6]
2014-01-09 09:20:24 Debug: Notice (8): Undefined variable: authRealname in [APP\views\elements\layout_head.ctp, line 6]
2014-01-09 09:21:05 Debug: Notice (8): Undefined variable: authRealname in [APP\views\elements\layout_head.ctp, line 6]
2014-01-09 09:22:23 Debug: Notice (8): Undefined variable: authRealname in [APP\views\elements\layout_head.ctp, line 6]
2014-01-09 09:23:07 Debug: Notice (8): Undefined variable: paginator in [APP\views\home\index.ctp, line 11]
2014-01-09 09:25:15 Debug: Notice (8): Undefined variable: paginator in [APP\views\home\index.ctp, line 11]
2014-01-09 09:25:25 Debug: Notice (8): Undefined variable: authRealname in [APP\views\elements\layout_head.ctp, line 6]
2014-01-09 09:25:25 Debug: Notice (8): Undefined variable: authRealname in [APP\views\elements\layout_head.ctp, line 6]
2014-01-09 09:27:29 Debug: Notice (8): Undefined variable: authRealname in [APP\views\elements\layout_head.ctp, line 6]
2014-01-09 09:27:34 Debug: Notice (8): Undefined variable: authRealname in [APP\views\elements\layout_head.ctp, line 6]
2014-01-09 09:27:34 Debug: Notice (8): Undefined variable: authRealname in [APP\views\elements\layout_head.ctp, line 6]
2014-01-09 09:28:44 Debug: Notice (8): Undefined variable: authRealname in [APP\views\elements\layout_head.ctp, line 6]
2014-01-09 09:28:44 Debug: Notice (8): Undefined variable: authRealname in [APP\views\elements\layout_head.ctp, line 6]
2014-01-09 09:29:28 Debug: Notice (8): Undefined variable: authRealname in [APP\views\elements\layout_head.ctp, line 6]
2014-01-09 09:29:28 Debug: Notice (8): Undefined variable: authRealname in [APP\views\elements\layout_head.ctp, line 6]
2014-01-09 09:30:04 Debug: Notice (8): Undefined variable: authRealname in [APP\views\elements\layout_head.ctp, line 6]
2014-01-09 09:30:04 Debug: Notice (8): Undefined variable: authRealname in [APP\views\elements\layout_head.ctp, line 6]
2014-01-09 09:30:34 Debug: Notice (8): Undefined variable: authRealname in [APP\views\elements\layout_head.ctp, line 6]
2014-01-09 09:30:34 Debug: Notice (8): Undefined variable: authRealname in [APP\views\elements\layout_head.ctp, line 6]
2014-01-09 09:31:14 Debug: Notice (8): Undefined variable: authRealname in [APP\views\elements\layout_head.ctp, line 6]
2014-01-09 09:31:14 Debug: Notice (8): Undefined variable: authRealname in [APP\views\elements\layout_head.ctp, line 6]
2014-01-09 09:31:29 Debug: Notice (8): Undefined variable: authRealname in [APP\views\elements\layout_head.ctp, line 6]
2014-01-09 09:31:29 Debug: Notice (8): Undefined variable: authRealname in [APP\views\elements\layout_head.ctp, line 6]
2014-01-09 09:31:50 Debug: Notice (8): Undefined variable: authRealname in [APP\views\elements\layout_head.ctp, line 6]
2014-01-09 09:31:50 Debug: Notice (8): Undefined variable: authRealname in [APP\views\elements\layout_head.ctp, line 6]
2014-01-09 09:32:56 Debug: Notice (8): Undefined variable: authRealname in [APP\views\elements\layout_head.ctp, line 6]
2014-01-09 09:32:56 Debug: Notice (8): Undefined variable: authRealname in [APP\views\elements\layout_head.ctp, line 6]
2014-01-09 09:34:12 Debug: Notice (8): Undefined variable: authRealname in [APP\views\elements\layout_head.ctp, line 6]
2014-01-09 09:34:13 Debug: Notice (8): Undefined variable: authRealname in [APP\views\elements\layout_head.ctp, line 6]
2014-01-09 09:34:25 Debug: Notice (8): Undefined variable: paginator in [APP\views\homes\index.ctp, line 11]
2014-01-09 09:34:40 Debug: Notice (8): Undefined variable: authRealname in [APP\views\elements\layout_head.ctp, line 6]
2014-01-09 09:37:46 Debug: Notice (8): Undefined variable: authRealname in [APP\views\elements\layout_head.ctp, line 6]
2014-01-09 09:39:45 Debug: Notice (8): Undefined variable: authRealname in [APP\views\elements\layout_head.ctp, line 6]
2014-01-09 09:41:06 Debug: Notice (8): Undefined variable: authRealname in [APP\views\elements\layout_head.ctp, line 6]
2014-01-09 09:41:08 Debug: Notice (8): Undefined variable: authRealname in [APP\views\elements\layout_head.ctp, line 6]
2014-01-09 09:41:09 Debug: Notice (8): Undefined variable: authRealname in [APP\views\elements\layout_head.ctp, line 6]
2014-01-09 09:43:41 Debug: Notice (8): Undefined property:  HomesController::$User in [APP\controllers\homes_controller.php, line 21]
2014-01-09 09:43:41 Debug: Notice (8): Trying to get property of non-object in [APP\controllers\homes_controller.php, line 21]
2014-01-09 09:44:16 Debug: Notice (8): Undefined property:  HomesController::$User in [APP\controllers\homes_controller.php, line 21]
2014-01-09 09:44:16 Debug: Notice (8): Trying to get property of non-object in [APP\controllers\homes_controller.php, line 21]
2014-01-09 09:46:34 Debug: Notice (8): Undefined variable: authRealname in [APP\views\elements\layout_head.ctp, line 6]
2014-01-09 09:46:35 Debug: Notice (8): Undefined variable: authRealname in [APP\views\elements\layout_head.ctp, line 6]
2014-01-09 09:47:12 Debug: Notice (8): Undefined variable: authRealname in [APP\views\elements\layout_head.ctp, line 6]
2014-01-09 09:48:17 Debug: Notice (8): Undefined variable: authRealname in [APP\views\elements\layout_head.ctp, line 6]
2014-01-09 09:48:27 Debug: Notice (8): Undefined variable: authRealname in [APP\views\elements\layout_head.ctp, line 6]
2014-01-09 09:50:18 Debug: Notice (8): Undefined variable: authRealname in [APP\views\elements\layout_head.ctp, line 6]
2014-01-09 11:50:14 Debug: Notice (8): Undefined variable: authRealname in [APP\views\elements\layout_head.ctp, line 6]
2014-01-09 11:50:16 Debug: Notice (8): Undefined variable: authRealname in [APP\views\elements\layout_head.ctp, line 6]
2014-01-09 11:50:19 Debug: Notice (8): Undefined variable: authRealname in [APP\views\elements\layout_head.ctp, line 6]
2014-01-09 11:51:05 Debug: Notice (8): Undefined variable: authRealname in [APP\views\elements\layout_head.ctp, line 6]
2014-01-09 11:51:46 Debug: Notice (8): Undefined variable: authRealname in [APP\views\elements\layout_head.ctp, line 6]
2014-01-09 11:51:54 Debug: Notice (8): Undefined variable: authRealname in [APP\views\elements\layout_head.ctp, line 6]
2014-01-09 11:52:44 Debug: Notice (8): Undefined variable: authRealname in [APP\views\elements\layout_head.ctp, line 6]
2014-01-09 11:57:40 Debug: Notice (8): Undefined variable: authRealname in [APP\views\elements\layout_head.ctp, line 6]
2014-01-09 12:03:50 Debug: Notice (8): Undefined variable: authRealname in [APP\views\elements\layout_head.ctp, line 6]
2014-01-09 12:03:51 Debug: Notice (8): Undefined variable: authRealname in [APP\views\elements\layout_head.ctp, line 6]
2014-01-09 12:05:01 Debug: Notice (8): Undefined variable: authRealname in [APP\views\elements\layout_head.ctp, line 6]
2014-01-09 12:05:02 Debug: Notice (8): Undefined variable: authRealname in [APP\views\elements\layout_head.ctp, line 6]
2014-01-09 12:05:02 Debug: Notice (8): Undefined variable: authRealname in [APP\views\elements\layout_head.ctp, line 6]
2014-01-09 12:05:53 Debug: Notice (8): Undefined variable: authRealname in [APP\views\elements\layout_head.ctp, line 6]
2014-01-09 12:05:56 Debug: Notice (8): Undefined variable: authRealname in [APP\views\elements\layout_head.ctp, line 6]
2014-01-09 14:17:53 Debug: Notice (8): Undefined variable: authRealname in [APP\views\elements\layout_head.ctp, line 6]
2014-01-09 14:18:01 Debug: Notice (8): Undefined variable: authRealname in [APP\views\elements\layout_head.ctp, line 6]
2014-01-09 14:18:13 Debug: Notice (8): Undefined variable: authRealname in [APP\views\elements\layout_head.ctp, line 6]
2014-01-09 14:18:27 Debug: Notice (8): Undefined variable: authRealname in [APP\views\elements\layout_head.ctp, line 6]
2014-01-09 14:18:36 Debug: Notice (8): Undefined variable: authRealname in [APP\views\elements\layout_head.ctp, line 6]
2014-01-09 14:18:40 Debug: Notice (8): Undefined variable: authRealname in [APP\views\elements\layout_head.ctp, line 6]
2014-01-09 14:19:04 Debug: Notice (8): Undefined variable: authRealname in [APP\views\elements\layout_head.ctp, line 6]
2014-01-09 14:19:49 Debug: Notice (8): Undefined variable: authRealname in [APP\views\elements\layout_head.ctp, line 6]
2014-01-09 14:20:08 Debug: Notice (8): Undefined variable: authRealname in [APP\views\elements\layout_head.ctp, line 6]
2014-01-09 14:21:17 Debug: Notice (8): Undefined variable: authRealname in [APP\views\elements\layout_head.ctp, line 6]
2014-01-09 14:22:04 Debug: Notice (8): Undefined variable: authRealname in [APP\views\elements\layout_head.ctp, line 6]
2014-01-09 14:22:50 Debug: Notice (8): Undefined variable: authRealname in [APP\views\elements\layout_head.ctp, line 6]
2014-01-09 14:23:05 Debug: Notice (8): Undefined variable: authRealname in [APP\views\elements\layout_head.ctp, line 6]
2014-01-09 14:23:14 Debug: Notice (8): Undefined variable: authRealname in [APP\views\elements\layout_head.ctp, line 6]
2014-01-09 14:29:04 Debug: Notice (8): Undefined property:  HomesController::$Petas in [APP\controllers\homes_controller.php, line 14]
2014-01-09 14:33:34 Debug: Notice (8): Undefined variable: authRealname in [APP\views\elements\layout_head.ctp, line 6]
2014-01-09 14:33:47 Debug: Notice (8): Undefined variable: authRealname in [APP\views\elements\layout_head.ctp, line 6]
2014-01-09 14:34:56 Debug: Notice (8): Undefined variable: authRealname in [APP\views\elements\layout_head.ctp, line 6]
2014-01-09 14:35:38 Debug: Notice (8): Undefined variable: authRealname in [APP\views\elements\layout_head.ctp, line 6]
2014-01-09 14:35:46 Debug: Notice (8): Undefined variable: authRealname in [APP\views\elements\layout_head.ctp, line 6]
2014-01-09 14:35:46 Debug: Notice (8): Undefined variable: authRealname in [APP\views\elements\layout_head.ctp, line 6]
2014-01-09 14:36:15 Debug: Notice (8): Undefined variable: authRealname in [APP\views\elements\layout_head.ctp, line 6]
2014-01-09 14:36:16 Debug: Notice (8): Undefined variable: authRealname in [APP\views\elements\layout_head.ctp, line 6]
2014-01-09 14:36:31 Debug: Notice (8): Undefined variable: authRealname in [APP\views\elements\layout_head.ctp, line 6]
2014-01-09 14:40:45 Debug: Notice (8): Undefined variable: authRealname in [APP\views\elements\layout_head.ctp, line 6]
2014-01-09 14:40:45 Debug: Notice (8): Undefined variable: authRealname in [APP\views\elements\layout_head.ctp, line 6]
2014-01-09 14:41:04 Debug: Notice (8): Undefined variable: authRealname in [APP\views\elements\layout_head.ctp, line 6]
2014-01-09 14:41:04 Debug: Notice (8): Undefined variable: authRealname in [APP\views\elements\layout_head.ctp, line 6]
2014-01-09 14:41:20 Debug: Notice (8): Undefined variable: authRealname in [APP\views\elements\layout_head.ctp, line 6]
2014-01-09 14:41:49 Debug: Notice (8): Undefined variable: authRealname in [APP\views\elements\layout_head.ctp, line 6]
2014-01-09 14:44:13 Debug: Notice (8): Undefined variable: authRealname in [APP\views\elements\layout_head.ctp, line 6]
2014-01-09 14:47:12 Debug: Notice (8): Undefined variable: authRealname in [APP\views\elements\layout_head.ctp, line 6]
2014-01-09 14:47:52 Debug: Notice (8): Undefined variable: authRealname in [APP\views\elements\layout_head.ctp, line 6]
2014-01-09 14:49:05 Debug: Notice (8): Undefined variable: authRealname in [APP\views\elements\layout_head.ctp, line 6]
2014-01-09 14:49:24 Debug: Notice (8): Undefined variable: authRealname in [APP\views\elements\layout_head.ctp, line 6]
2014-01-09 14:49:47 Debug: Notice (8): Undefined variable: authRealname in [APP\views\elements\layout_head.ctp, line 6]
2014-01-09 14:49:57 Debug: Notice (8): Undefined variable: authRealname in [APP\views\elements\layout_head.ctp, line 6]
2014-01-09 14:50:49 Debug: Notice (8): Undefined variable: authRealname in [APP\views\elements\layout_head.ctp, line 6]
2014-01-09 14:51:13 Debug: Notice (8): Undefined variable: authRealname in [APP\views\elements\layout_head.ctp, line 6]
2014-01-09 14:51:46 Debug: Notice (8): Undefined variable: authRealname in [APP\views\elements\layout_head.ctp, line 6]
2014-01-09 14:52:09 Debug: Notice (8): Undefined variable: authRealname in [APP\views\elements\layout_head.ctp, line 6]
2014-01-09 14:52:40 Debug: Notice (8): Undefined variable: authRealname in [APP\views\elements\layout_head.ctp, line 6]
2014-01-09 14:52:47 Debug: Notice (8): Undefined variable: authRealname in [APP\views\elements\layout_head.ctp, line 6]
2014-01-09 14:53:15 Debug: Notice (8): Undefined variable: authRealname in [APP\views\elements\layout_head.ctp, line 6]
2014-01-09 14:53:54 Debug: Notice (8): Undefined variable: authRealname in [APP\views\elements\layout_head.ctp, line 6]
2014-01-09 14:53:54 Debug: Notice (8): Undefined variable: authRealname in [APP\views\elements\layout_head.ctp, line 6]
2014-01-09 14:55:28 Debug: Notice (8): Undefined variable: authRealname in [APP\views\elements\layout_head.ctp, line 6]
2014-01-09 14:55:28 Debug: Notice (8): Undefined variable: authRealname in [APP\views\elements\layout_head.ctp, line 6]
2014-01-09 14:55:49 Debug: Notice (8): Undefined variable: authRealname in [APP\views\elements\layout_head.ctp, line 6]
2014-01-09 14:56:54 Debug: Notice (8): Undefined variable: authRealname in [APP\views\elements\layout_head.ctp, line 6]
2014-01-09 14:57:06 Debug: Notice (8): Undefined variable: authRealname in [APP\views\elements\layout_head.ctp, line 6]
2014-01-09 15:00:25 Debug: Notice (8): Undefined variable: authRealname in [APP\views\elements\layout_head.ctp, line 6]
2014-01-09 15:01:25 Debug: Notice (8): Undefined variable: authRealname in [APP\views\elements\layout_head.ctp, line 6]
2014-01-09 15:03:15 Debug: Notice (8): Undefined property:  FormHelper::$form in [APP\views\homes\add.ctp, line 13]
2014-01-09 15:03:41 Debug: Notice (8): Undefined variable: authRealname in [APP\views\elements\layout_head.ctp, line 6]
2014-01-09 15:04:40 Debug: Notice (8): Undefined variable: authRealname in [APP\views\elements\layout_head.ctp, line 6]
2014-02-12 15:40:14 Debug: Notice (8): Undefined variable: authRealname in [APP\views\elements\layout_head.ctp, line 6]
2014-02-12 15:40:17 Debug: Notice (8): Undefined variable: authRealname in [APP\views\elements\layout_head.ctp, line 6]
2014-02-12 15:40:18 Debug: Notice (8): Undefined variable: authRealname in [APP\views\elements\layout_head.ctp, line 6]
2014-02-12 15:40:20 Debug: Notice (8): Undefined variable: authRealname in [APP\views\elements\layout_head.ctp, line 6]
2014-02-12 15:40:21 Debug: Notice (8): Undefined variable: authRealname in [APP\views\elements\layout_head.ctp, line 6]
2014-02-12 15:40:44 Debug: Notice (8): Undefined variable: authRealname in [APP\views\elements\layout_head.ctp, line 6]
2014-02-12 15:41:11 Debug: Notice (8): Undefined variable: authRealname in [APP\views\elements\layout_head.ctp, line 6]
2014-04-10 11:35:48 Debug: Notice (8): Undefined variable: authRealname in [APP\views\elements\layout_head.ctp, line 6]
2014-04-10 11:41:18 Debug: Notice (8): Undefined variable: authRealname in [APP\views\elements\layout_head.ctp, line 6]
2014-04-10 11:41:33 Debug: Notice (8): Undefined variable: authRealname in [APP\views\elements\layout_head.ctp, line 6]
2014-04-10 11:41:35 Debug: Notice (8): Undefined variable: authRealname in [APP\views\elements\layout_head.ctp, line 6]
2014-04-10 11:41:37 Debug: Notice (8): Undefined variable: authRealname in [APP\views\elements\layout_head.ctp, line 6]
2014-04-10 11:41:40 Debug: Notice (8): Undefined variable: authRealname in [APP\views\elements\layout_head.ctp, line 6]
2014-04-10 11:41:43 Debug: Notice (8): Undefined variable: authRealname in [APP\views\elements\layout_head.ctp, line 6]
2014-04-10 11:42:17 Debug: Notice (8): Undefined variable: authRealname in [APP\views\elements\layout_head.ctp, line 6]
2014-04-10 11:42:30 Debug: Notice (8): Undefined variable: authRealname in [APP\views\elements\layout_head.ctp, line 6]
2014-04-10 11:42:32 Debug: Notice (8): Undefined variable: authRealname in [APP\views\elements\layout_head.ctp, line 6]
2014-04-10 11:42:52 Debug: Notice (8): Undefined variable: authRealname in [APP\views\elements\layout_head.ctp, line 6]
2014-04-10 11:42:57 Debug: Notice (8): Undefined variable: authRealname in [APP\views\elements\layout_head.ctp, line 6]
2014-04-10 11:42:59 Debug: Notice (8): Undefined variable: authRealname in [APP\views\elements\layout_head.ctp, line 6]
2014-04-10 11:43:05 Debug: Notice (8): Undefined variable: authRealname in [APP\views\elements\layout_head.ctp, line 6]
2014-04-10 11:43:11 Debug: Notice (8): Undefined variable: authRealname in [APP\views\elements\layout_head.ctp, line 6]
2014-04-10 11:43:38 Debug: Notice (8): Undefined variable: authRealname in [APP\views\elements\layout_head.ctp, line 6]
2014-04-10 11:43:40 Debug: Notice (8): Undefined variable: authRealname in [APP\views\elements\layout_head.ctp, line 6]
2014-04-10 11:43:41 Debug: Notice (8): Undefined variable: authRealname in [APP\views\elements\layout_head.ctp, line 6]
2014-04-10 11:56:43 Debug: Notice (8): Undefined variable: authRealname in [APP\views\elements\layout_head.ctp, line 6]
2014-04-10 11:56:48 Debug: Notice (8): Undefined variable: authRealname in [APP\views\elements\layout_head.ctp, line 6]
2014-04-10 11:56:53 Debug: Notice (8): Undefined variable: authRealname in [APP\views\elements\layout_head.ctp, line 6]
2014-04-10 11:56:56 Debug: Notice (8): Undefined variable: authRealname in [APP\views\elements\layout_head.ctp, line 6]
2014-04-10 12:02:47 Debug: Notice (8): Undefined variable: authRealname in [APP\views\elements\layout_head.ctp, line 6]
2014-04-10 12:02:48 Debug: Notice (8): Undefined variable: authRealname in [APP\views\elements\layout_head.ctp, line 6]
2014-04-10 12:05:44 Debug: Notice (8): Undefined variable: authRealname in [APP\views\elements\layout_head.ctp, line 6]
2014-04-10 12:05:44 Debug: Notice (8): Undefined variable: authRealname in [APP\views\elements\layout_head.ctp, line 6]
2014-04-10 12:06:30 Debug: Notice (8): Undefined variable: authRealname in [APP\views\elements\layout_head.ctp, line 6]
2014-04-10 12:06:30 Debug: Notice (8): Undefined variable: authRealname in [APP\views\elements\layout_head.ctp, line 6]
2014-04-10 12:07:07 Debug: Notice (8): Undefined variable: authRealname in [APP\views\elements\layout_head.ctp, line 6]
2014-04-10 12:07:08 Debug: Notice (8): Undefined variable: authRealname in [APP\views\elements\layout_head.ctp, line 6]
2014-04-10 12:08:04 Debug: Notice (8): Undefined variable: authRealname in [APP\views\elements\layout_head.ctp, line 6]
2014-04-10 12:08:05 Debug: Notice (8): Undefined variable: authRealname in [APP\views\elements\layout_head.ctp, line 6]
2014-04-10 12:08:53 Debug: Notice (8): Undefined variable: authRealname in [APP\views\elements\layout_head.ctp, line 6]
2014-04-10 12:08:53 Debug: Notice (8): Undefined variable: authRealname in [APP\views\elements\layout_head.ctp, line 6]
2014-04-10 12:09:25 Debug: Notice (8): Undefined variable: authRealname in [APP\views\elements\layout_head.ctp, line 6]
2014-04-10 12:09:26 Debug: Notice (8): Undefined variable: authRealname in [APP\views\elements\layout_head.ctp, line 6]
2014-04-10 12:09:49 Debug: Notice (8): Undefined variable: LetterIns in [APP\views\users\index.ctp, line 33]
2014-04-10 12:09:50 Debug: Notice (8): Undefined variable: authRealname in [APP\views\elements\layout_head.ctp, line 6]
2014-04-10 12:11:08 Debug: Notice (8): Undefined variable: authRealname in [APP\views\elements\layout_head.ctp, line 6]
2014-04-10 12:11:13 Debug: Notice (8): Undefined variable: authRealname in [APP\views\elements\layout_head.ctp, line 6]
2014-04-10 12:11:18 Debug: Notice (8): Undefined variable: user in [APP\views\letter_ins\index.ctp, line 38]
2014-04-10 12:11:18 Debug: Notice (8): Undefined variable: user in [APP\views\letter_ins\index.ctp, line 39]
2014-04-10 12:11:18 Debug: Notice (8): Undefined variable: user in [APP\views\letter_ins\index.ctp, line 40]
2014-04-10 12:11:18 Debug: Notice (8): Undefined variable: user in [APP\views\letter_ins\index.ctp, line 41]
2014-04-10 12:11:18 Debug: Notice (8): Undefined variable: user in [APP\views\letter_ins\index.ctp, line 44]
2014-04-10 12:11:18 Debug: Notice (8): Undefined variable: user in [APP\views\letter_ins\index.ctp, line 46]
2014-04-10 12:11:18 Debug: Notice (8): Undefined variable: user in [APP\views\letter_ins\index.ctp, line 55]
2014-04-10 12:11:18 Debug: Notice (8): Undefined variable: user in [APP\views\letter_ins\index.ctp, line 56]
2014-04-10 12:11:18 Debug: Notice (8): Undefined variable: user in [APP\views\letter_ins\index.ctp, line 57]
2014-04-10 12:11:18 Debug: Notice (8): Undefined variable: user in [APP\views\letter_ins\index.ctp, line 58]
2014-04-10 12:11:19 Debug: Notice (8): Undefined variable: authRealname in [APP\views\elements\layout_head.ctp, line 6]
2014-04-10 12:11:35 Debug: Notice (8): Undefined variable: authRealname in [APP\views\elements\layout_head.ctp, line 6]
2014-04-10 12:11:38 Debug: Notice (8): Undefined variable: authRealname in [APP\views\elements\layout_head.ctp, line 6]
2014-04-10 12:11:47 Debug: Notice (8): Undefined variable: authRealname in [APP\views\elements\layout_head.ctp, line 6]
2014-04-10 12:12:11 Debug: Notice (8): Undefined variable: authRealname in [APP\views\elements\layout_head.ctp, line 6]
2014-04-10 12:12:16 Debug: Notice (8): Undefined variable: user in [APP\views\letter_ins\index.ctp, line 38]
2014-04-10 12:12:16 Debug: Notice (8): Undefined variable: user in [APP\views\letter_ins\index.ctp, line 39]
2014-04-10 12:12:16 Debug: Notice (8): Undefined variable: user in [APP\views\letter_ins\index.ctp, line 40]
2014-04-10 12:12:16 Debug: Notice (8): Undefined variable: user in [APP\views\letter_ins\index.ctp, line 41]
2014-04-10 12:12:16 Debug: Notice (8): Undefined variable: user in [APP\views\letter_ins\index.ctp, line 44]
2014-04-10 12:12:16 Debug: Notice (8): Undefined variable: user in [APP\views\letter_ins\index.ctp, line 46]
2014-04-10 12:12:16 Debug: Notice (8): Undefined variable: user in [APP\views\letter_ins\index.ctp, line 55]
2014-04-10 12:12:16 Debug: Notice (8): Undefined variable: user in [APP\views\letter_ins\index.ctp, line 56]
2014-04-10 12:12:16 Debug: Notice (8): Undefined variable: user in [APP\views\letter_ins\index.ctp, line 57]
2014-04-10 12:12:16 Debug: Notice (8): Undefined variable: user in [APP\views\letter_ins\index.ctp, line 58]
2014-04-10 12:12:16 Debug: Notice (8): Undefined variable: authRealname in [APP\views\elements\layout_head.ctp, line 6]
2014-04-10 12:24:58 Debug: Notice (8): Undefined variable: active in [APP\views\letter_ins\index.ctp, line 63]
2014-04-10 12:24:58 Debug: Notice (8): Undefined variable: authRealname in [APP\views\elements\layout_head.ctp, line 6]
2014-04-10 12:25:19 Debug: Notice (8): Undefined variable: active in [APP\views\letter_ins\index.ctp, line 63]
2014-04-10 12:25:19 Debug: Notice (8): Undefined variable: authRealname in [APP\views\elements\layout_head.ctp, line 6]
2014-04-10 12:25:57 Debug: Notice (8): Undefined variable: active in [APP\views\letter_ins\index.ctp, line 63]
2014-04-10 12:25:57 Debug: Notice (8): Undefined variable: authRealname in [APP\views\elements\layout_head.ctp, line 6]
2014-04-10 12:26:16 Debug: Notice (8): Undefined variable: active in [APP\views\letter_ins\index.ctp, line 63]
2014-04-10 12:26:16 Debug: Notice (8): Undefined variable: authRealname in [APP\views\elements\layout_head.ctp, line 6]
2014-04-10 12:26:48 Debug: Notice (8): Undefined variable: active in [APP\views\letter_ins\index.ctp, line 64]
2014-04-10 12:26:49 Debug: Notice (8): Undefined variable: authRealname in [APP\views\elements\layout_head.ctp, line 6]
2014-04-10 12:27:14 Debug: Notice (8): Undefined variable: active in [APP\views\letter_ins\index.ctp, line 64]
2014-04-10 12:27:15 Debug: Notice (8): Undefined variable: authRealname in [APP\views\elements\layout_head.ctp, line 6]
2014-04-10 12:27:34 Debug: Notice (8): Undefined variable: active in [APP\views\letter_ins\index.ctp, line 64]
2014-04-10 12:27:34 Debug: Notice (8): Undefined variable: authRealname in [APP\views\elements\layout_head.ctp, line 6]
2014-04-10 12:27:49 Debug: Notice (8): Undefined variable: active in [APP\views\letter_ins\index.ctp, line 64]
2014-04-10 12:27:50 Debug: Notice (8): Undefined variable: authRealname in [APP\views\elements\layout_head.ctp, line 6]
2014-04-10 12:28:10 Debug: Notice (8): Undefined variable: active in [APP\views\letter_ins\index.ctp, line 64]
2014-04-10 12:28:10 Debug: Notice (8): Undefined variable: authRealname in [APP\views\elements\layout_head.ctp, line 6]
2014-04-10 12:29:15 Debug: Notice (8): Undefined variable: authRealname in [APP\views\elements\layout_head.ctp, line 6]
2014-04-10 12:29:30 Debug: Notice (8): Undefined variable: active in [APP\views\letter_ins\index.ctp, line 64]
2014-04-10 12:29:31 Debug: Notice (8): Undefined variable: authRealname in [APP\views\elements\layout_head.ctp, line 6]
2014-04-10 12:29:54 Debug: Notice (8): Undefined variable: active in [APP\views\letter_ins\index.ctp, line 64]
2014-04-10 12:29:54 Debug: Notice (8): Undefined variable: authRealname in [APP\views\elements\layout_head.ctp, line 6]
2014-04-10 12:30:07 Debug: Notice (8): Undefined variable: active in [APP\views\letter_ins\index.ctp, line 64]
2014-04-10 12:30:07 Debug: Notice (8): Undefined variable: authRealname in [APP\views\elements\layout_head.ctp, line 6]
2014-04-10 12:30:28 Debug: Notice (8): Undefined variable: active in [APP\views\letter_ins\index.ctp, line 65]
2014-04-10 12:30:28 Debug: Notice (8): Undefined variable: authRealname in [APP\views\elements\layout_head.ctp, line 6]
2014-04-10 12:34:05 Debug: Notice (8): Undefined variable: active in [APP\views\letter_ins\index.ctp, line 65]
2014-04-10 12:34:06 Debug: Notice (8): Undefined variable: authRealname in [APP\views\elements\layout_head.ctp, line 6]
2014-04-10 12:34:11 Debug: Notice (8): Undefined variable: active in [APP\views\letter_ins\index.ctp, line 65]
2014-04-10 12:34:12 Debug: Notice (8): Undefined variable: authRealname in [APP\views\elements\layout_head.ctp, line 6]
2014-04-10 12:34:30 Debug: Notice (8): Undefined index:  active in [APP\views\letter_ins\index.ctp, line 44]
2014-04-10 12:34:31 Debug: Notice (8): Undefined variable: authRealname in [APP\views\elements\layout_head.ctp, line 6]
2014-04-10 12:34:56 Debug: Notice (8): Undefined variable: authRealname in [APP\views\elements\layout_head.ctp, line 6]
2014-04-10 12:35:19 Debug: Notice (8): Undefined variable: authRealname in [APP\views\elements\layout_head.ctp, line 6]
2014-04-10 12:35:32 Debug: Notice (8): Undefined variable: authRealname in [APP\views\elements\layout_head.ctp, line 6]
2014-04-10 12:35:38 Debug: Notice (8): Undefined variable: authRealname in [APP\views\elements\layout_head.ctp, line 6]
2014-04-10 12:35:38 Debug: Notice (8): Undefined variable: authRealname in [APP\views\elements\layout_head.ctp, line 6]
2014-04-10 12:42:02 Debug: Notice (8): Undefined variable: authRealname in [APP\views\elements\layout_head.ctp, line 6]
2014-04-10 12:42:07 Debug: Notice (8): Undefined variable: authRealname in [APP\views\elements\layout_head.ctp, line 6]
2014-04-10 12:42:11 Debug: Notice (8): Undefined variable: authRealname in [APP\views\elements\layout_head.ctp, line 6]
2014-04-10 12:42:19 Debug: Notice (8): Undefined variable: authRealname in [APP\views\elements\layout_head.ctp, line 6]
2014-04-10 12:42:20 Debug: Notice (8): Undefined variable: authRealname in [APP\views\elements\layout_head.ctp, line 6]
2014-04-10 12:46:45 Debug: Notice (8): Undefined variable: authRealname in [APP\views\elements\layout_head.ctp, line 6]
2014-04-10 12:47:07 Debug: Notice (8): Undefined variable: authRealname in [APP\views\elements\layout_head.ctp, line 6]
2014-04-10 12:48:31 Debug: Notice (8): Undefined variable: authRealname in [APP\views\elements\layout_head.ctp, line 6]
2014-04-10 12:49:04 Debug: Notice (8): Undefined variable: authRealname in [APP\views\elements\layout_head.ctp, line 6]
2014-04-10 12:50:50 Debug: Notice (8): Undefined variable: authRealname in [APP\views\elements\layout_head.ctp, line 6]
2014-04-10 12:51:51 Debug: Notice (8): Undefined variable: authRealname in [APP\views\elements\layout_head.ctp, line 6]
2014-04-10 12:52:14 Debug: Notice (8): Undefined variable: authRealname in [APP\views\elements\layout_head.ctp, line 6]
2014-04-10 12:52:33 Debug: Notice (8): Undefined variable: authRealname in [APP\views\elements\layout_head.ctp, line 6]
2014-04-10 12:53:20 Debug: Notice (8): Undefined variable: authRealname in [APP\views\elements\layout_head.ctp, line 6]
2014-04-10 12:53:45 Debug: Notice (8): Undefined variable: authRealname in [APP\views\elements\layout_head.ctp, line 6]
2014-04-10 12:53:48 Debug: Notice (8): Undefined variable: authRealname in [APP\views\elements\layout_head.ctp, line 6]
2014-04-10 12:53:51 Debug: Notice (8): Undefined variable: authRealname in [APP\views\elements\layout_head.ctp, line 6]
2014-04-10 12:53:55 Debug: Notice (8): Undefined variable: authRealname in [APP\views\elements\layout_head.ctp, line 6]
2014-04-10 12:54:01 Debug: Notice (8): Undefined variable: authRealname in [APP\views\elements\layout_head.ctp, line 6]
2014-04-10 12:54:06 Debug: Notice (8): Undefined variable: authRealname in [APP\views\elements\layout_head.ctp, line 6]
2014-04-10 12:54:10 Debug: Notice (8): Undefined variable: authRealname in [APP\views\elements\layout_head.ctp, line 6]
2014-04-10 12:54:17 Debug: Notice (8): Undefined variable: authRealname in [APP\views\elements\layout_head.ctp, line 6]
2014-04-10 12:54:22 Debug: Notice (8): Undefined variable: authRealname in [APP\views\elements\layout_head.ctp, line 6]
2014-04-10 12:54:28 Debug: Notice (8): Undefined variable: authRealname in [APP\views\elements\layout_head.ctp, line 6]
2014-04-10 12:57:31 Debug: Notice (8): Undefined variable: authRealname in [APP\views\elements\layout_head.ctp, line 6]
2014-04-10 12:58:36 Debug: Notice (8): Undefined variable: authRealname in [APP\views\elements\layout_head.ctp, line 6]
2014-04-10 12:59:07 Debug: Notice (8): Undefined variable: authRealname in [APP\views\elements\layout_head.ctp, line 6]
2014-04-10 12:59:46 Debug: Notice (8): Undefined variable: authRealname in [APP\views\elements\layout_head.ctp, line 6]
2014-04-10 13:00:10 Debug: Notice (8): Undefined variable: authRealname in [APP\views\elements\layout_head.ctp, line 6]
2014-04-10 13:00:36 Debug: Notice (8): Undefined variable: authRealname in [APP\views\elements\layout_head.ctp, line 6]
2014-04-10 13:02:28 Debug: Notice (8): Undefined variable: unit_codes in [APP\views\letter_ins\add.ctp, line 35]
2014-04-10 13:02:29 Debug: Notice (8): Undefined variable: authRealname in [APP\views\elements\layout_head.ctp, line 6]
2014-04-10 13:03:12 Debug: Notice (8): Undefined variable: unit_codes in [APP\views\letter_ins\add.ctp, line 35]
2014-04-10 13:03:13 Debug: Notice (8): Undefined variable: authRealname in [APP\views\elements\layout_head.ctp, line 6]
2014-04-10 13:03:37 Debug: Notice (8): Undefined variable: authRealname in [APP\views\elements\layout_head.ctp, line 6]
2014-04-10 13:04:31 Debug: Notice (8): Undefined variable: authRealname in [APP\views\elements\layout_head.ctp, line 6]
2014-04-10 13:04:56 Debug: Notice (8): Undefined variable: authRealname in [APP\views\elements\layout_head.ctp, line 6]
2014-04-10 13:05:33 Debug: Notice (8): Undefined variable: authRealname in [APP\views\elements\layout_head.ctp, line 6]
2014-04-10 13:20:56 Debug: Notice (8): Undefined variable: authRealname in [APP\views\elements\layout_head.ctp, line 6]
2014-04-10 14:31:41 Debug: Notice (8): Undefined variable: authRealname in [APP\views\elements\layout_head.ctp, line 6]
2014-04-10 14:31:45 Debug: Notice (8): Undefined variable: authRealname in [APP\views\elements\layout_head.ctp, line 6]
2014-04-10 14:38:38 Debug: Notice (8): Undefined variable: authRealname in [APP\views\elements\layout_head.ctp, line 6]
2014-04-10 14:40:29 Debug: Notice (8): Undefined variable: authRealname in [APP\views\elements\layout_head.ctp, line 6]
2014-04-10 14:42:31 Debug: Notice (8): Undefined variable: term_codes in [APP\views\letter_ins\add.ctp, line 15]
2014-04-10 14:42:32 Debug: Notice (8): Undefined variable: authRealname in [APP\views\elements\layout_head.ctp, line 6]
2014-04-10 14:43:04 Debug: Notice (8): Undefined variable: authRealname in [APP\views\elements\layout_head.ctp, line 6]
2014-04-10 14:43:30 Debug: Notice (8): Undefined variable: authRealname in [APP\views\elements\layout_head.ctp, line 6]
2014-04-10 14:44:52 Debug: Notice (8): Undefined variable: authRealname in [APP\views\elements\layout_head.ctp, line 6]
2014-04-10 14:45:09 Debug: Notice (8): Undefined variable: authRealname in [APP\views\elements\layout_head.ctp, line 6]
2014-04-10 14:45:29 Debug: Notice (8): Undefined variable: authRealname in [APP\views\elements\layout_head.ctp, line 6]
2014-04-10 14:45:44 Debug: Notice (8): Undefined variable: authRealname in [APP\views\elements\layout_head.ctp, line 6]
2014-04-10 14:46:02 Debug: Notice (8): Undefined variable: authRealname in [APP\views\elements\layout_head.ctp, line 6]
2014-04-10 14:46:08 Debug: Notice (8): Undefined variable: authRealname in [APP\views\elements\layout_head.ctp, line 6]
2014-04-10 14:47:33 Debug: Notice (8): Undefined variable: authRealname in [APP\views\elements\layout_head.ctp, line 6]
2014-04-10 14:47:40 Debug: Notice (8): Undefined variable: authRealname in [APP\views\elements\layout_head.ctp, line 6]
2014-04-10 14:48:06 Debug: Notice (8): Undefined variable: authRealname in [APP\views\elements\layout_head.ctp, line 6]
2014-04-10 14:48:21 Debug: Notice (8): Undefined variable: authRealname in [APP\views\elements\layout_head.ctp, line 6]
2014-04-10 14:48:56 Debug: Notice (8): Undefined variable: authRealname in [APP\views\elements\layout_head.ctp, line 6]
2014-04-10 14:49:00 Debug: Notice (8): Undefined variable: authRealname in [APP\views\elements\layout_head.ctp, line 6]
2014-04-10 14:49:11 Debug: Notice (8): Undefined variable: authRealname in [APP\views\elements\layout_head.ctp, line 6]
2014-04-10 14:49:35 Debug: Notice (8): Undefined variable: authRealname in [APP\views\elements\layout_head.ctp, line 6]
2014-04-10 14:49:43 Debug: Notice (8): Undefined variable: authRealname in [APP\views\elements\layout_head.ctp, line 6]
2014-04-10 14:54:33 Debug: Notice (8): Undefined variable: authRealname in [APP\views\elements\layout_head.ctp, line 6]
2014-04-10 15:10:20 Debug: Notice (8): Undefined variable: authRealname in [APP\views\elements\layout_head.ctp, line 6]
2014-04-10 15:10:40 Debug: Notice (8): Undefined variable: authRealname in [APP\views\elements\layout_head.ctp, line 6]
2014-04-10 15:12:19 Debug: Notice (8): Undefined variable: authRealname in [APP\views\elements\layout_head.ctp, line 6]
2014-04-10 15:13:35 Debug: Notice (8): Undefined variable: authRealname in [APP\views\elements\layout_head.ctp, line 6]
2014-04-10 15:13:52 Debug: Notice (8): Undefined variable: authRealname in [APP\views\elements\layout_head.ctp, line 6]
2014-04-10 15:16:17 Debug: Notice (8): Undefined variable: authRealname in [APP\views\elements\layout_head.ctp, line 6]
2014-04-10 15:16:24 Debug: Notice (8): Undefined variable: authRealname in [APP\views\elements\layout_head.ctp, line 6]
2014-04-10 15:19:11 Debug: Notice (8): Undefined variable: authRealname in [APP\views\elements\layout_head.ctp, line 6]
2014-04-10 15:19:18 Debug: Notice (8): Undefined variable: authRealname in [APP\views\elements\layout_head.ctp, line 6]
2014-04-10 15:27:10 Debug: Notice (8): Undefined variable: groups in [APP\views\letter_ins\add.ctp, line 14]
2014-04-10 15:27:11 Debug: Notice (8): Undefined variable: authRealname in [APP\views\elements\layout_head.ctp, line 6]
2014-04-10 15:27:22 Debug: Notice (8): Undefined variable: authRealname in [APP\views\elements\layout_head.ctp, line 6]
2014-04-10 15:32:46 Debug: Notice (8): Undefined property:  AppModel::$Group in [APP\controllers\letter_ins_controller.php, line 21]
2014-04-10 15:33:05 Debug: Notice (8): Undefined property:  AppModel::$Groups in [APP\controllers\letter_ins_controller.php, line 21]
2014-04-10 15:34:14 Debug: Notice (8): Undefined property:  AppModel::$Groups in [APP\controllers\letter_ins_controller.php, line 21]
2014-04-10 15:35:17 Debug: Notice (8): Undefined property:  AppModel::$Groups in [APP\controllers\letter_ins_controller.php, line 21]
2014-04-10 15:35:31 Debug: Notice (8): Undefined variable: authRealname in [APP\views\elements\layout_head.ctp, line 6]
2014-04-10 15:42:08 Debug: Notice (8): Undefined variable: authRealname in [APP\views\elements\layout_head.ctp, line 6]
2014-04-10 15:42:33 Debug: Notice (8): Undefined variable: authRealname in [APP\views\elements\layout_head.ctp, line 6]
2014-04-10 15:43:44 Debug: Notice (8): Undefined variable: authRealname in [APP\views\elements\layout_head.ctp, line 6]
2014-04-10 15:44:33 Debug: Notice (8): Undefined variable: authRealname in [APP\views\elements\layout_head.ctp, line 6]
2014-04-10 15:47:03 Debug: Notice (8): Undefined variable: id in [APP\controllers\letter_ins_controller.php, line 21]
2014-04-10 15:47:03 Debug: Notice (8): Undefined variable: authRealname in [APP\views\elements\layout_head.ctp, line 6]
2014-04-10 16:14:51 Debug: Notice (8): Undefined variable: authRealname in [APP\views\elements\layout_head.ctp, line 6]
2014-04-10 16:20:52 Debug: Notice (8): Undefined variable: authRealname in [APP\views\elements\layout_head.ctp, line 6]
2014-04-10 16:20:56 Debug: Notice (8): Undefined variable: authRealname in [APP\controllers\letter_ins_controller.php, line 23]
2014-04-10 16:20:56 Debug: Notice (8): Undefined variable: authRealname in [APP\views\elements\layout_head.ctp, line 6]
2014-04-10 16:24:08 Debug: Notice (8): Undefined variable: authRealname in [APP\views\elements\layout_head.ctp, line 6]
2014-04-10 16:24:55 Debug: Notice (8): Undefined variable: authRealname in [APP\views\elements\layout_head.ctp, line 6]
2014-04-10 16:25:34 Debug: Notice (8): Undefined index:  Group in [APP\views\users\index.ctp, line 49]
2014-04-10 16:25:35 Debug: Notice (8): Undefined variable: authRealname in [APP\views\elements\layout_head.ctp, line 6]
2014-04-10 16:26:16 Debug: Notice (8): Undefined property:  User::$Group in [APP\controllers\users_controller.php, line 109]
2014-04-10 16:27:47 Debug: Notice (8): Undefined variable: authRealname in [APP\views\elements\layout_head.ctp, line 6]
2014-04-10 16:27:52 Debug: Notice (8): Undefined variable: authRealname in [APP\views\elements\layout_head.ctp, line 6]
2014-04-10 16:29:21 Debug: Notice (8): Undefined variable: authRealname in [APP\views\elements\layout_head.ctp, line 6]
2014-04-10 16:33:46 Debug: Notice (8): Undefined variable: authRealname in [APP\views\elements\layout_head.ctp, line 6]
2014-04-10 16:35:31 Debug: Notice (8): Undefined variable: authRealname in [APP\views\elements\layout_head.ctp, line 6]
2014-04-10 16:35:33 Debug: Notice (8): Undefined variable: authRealname in [APP\views\elements\layout_head.ctp, line 6]
2014-04-10 16:36:50 Debug: Notice (8): Undefined variable: authRealname in [APP\views\elements\layout_head.ctp, line 6]
2014-04-10 16:37:14 Debug: Notice (8): Undefined variable: authRealname in [APP\views\elements\layout_head.ctp, line 6]
2014-04-10 16:37:23 Debug: Notice (8): Undefined variable: authRealname in [APP\views\elements\layout_head.ctp, line 6]
2014-04-10 16:37:56 Debug: Notice (8): Undefined variable: authRealname in [APP\views\elements\layout_head.ctp, line 6]
2014-04-10 16:38:08 Debug: Notice (8): Undefined variable: authRealname in [APP\views\elements\layout_head.ctp, line 6]
2014-04-10 16:40:29 Debug: Notice (8): Undefined variable: authRealname in [APP\views\elements\layout_head.ctp, line 6]
2014-04-10 16:40:48 Debug: Notice (8): Undefined variable: authRealname in [APP\views\elements\layout_head.ctp, line 6]
2014-04-10 16:41:10 Debug: Notice (8): Undefined variable: authRealname in [APP\views\elements\layout_head.ctp, line 6]
2014-04-10 16:41:25 Debug: Notice (8): Undefined variable: authRealname in [APP\views\elements\layout_head.ctp, line 6]
2014-04-10 16:43:25 Debug: Notice (8): Undefined variable: authRealname in [APP\views\elements\layout_head.ctp, line 6]
2014-04-10 16:43:30 Debug: Notice (8): Undefined variable: authRealname in [APP\views\elements\layout_head.ctp, line 6]
2014-04-10 16:43:41 Debug: Notice (8): Undefined variable: authRealname in [APP\views\elements\layout_head.ctp, line 6]
2014-04-10 16:43:48 Debug: Notice (8): Undefined variable: authRealname in [APP\views\elements\layout_head.ctp, line 6]
2014-04-10 16:43:56 Debug: Notice (8): Undefined variable: authRealname in [APP\views\elements\layout_head.ctp, line 6]
2014-04-10 16:44:00 Debug: Notice (8): Undefined variable: authRealname in [APP\views\elements\layout_head.ctp, line 6]
2014-04-10 16:49:47 Debug: Notice (8): Undefined variable: authRealname in [APP\views\elements\layout_head.ctp, line 6]
2014-04-10 16:54:48 Debug: Notice (8): Undefined variable: authRealname in [APP\views\elements\layout_head.ctp, line 6]
2014-04-10 17:02:57 Debug: Notice (8): Undefined variable: authRealname in [APP\views\elements\layout_head.ctp, line 6]
2014-04-10 17:04:36 Debug: Notice (8): Undefined variable: date in [APP\controllers\letter_ins_controller.php, line 12]
2014-04-10 17:04:36 Debug: Notice (8): Undefined variable: users in [APP\controllers\letter_ins_controller.php, line 12]
2014-04-10 17:05:01 Debug: Notice (8): Undefined variable: users in [APP\controllers\letter_ins_controller.php, line 13]
2014-04-10 17:05:27 Debug: Notice (8): Undefined variable: users in [APP\controllers\letter_ins_controller.php, line 13]
2014-04-10 17:13:53 Debug: Notice (8): Undefined variable: users in [APP\controllers\letter_ins_controller.php, line 13]
2014-04-10 17:13:53 Debug: Notice (8): Undefined variable: users in [APP\controllers\letter_ins_controller.php, line 14]
2014-04-10 17:19:48 Debug: Notice (8): Undefined variable: authRealname in [APP\views\elements\layout_head.ctp, line 6]
2014-04-10 17:19:54 Debug: Notice (8): Undefined variable: authRealname in [APP\views\elements\layout_head.ctp, line 6]
2014-04-10 17:20:07 Debug: Notice (8): Undefined variable: users in [APP\controllers\letter_ins_controller.php, line 13]
2014-04-10 17:20:07 Debug: Notice (8): Undefined variable: users in [APP\controllers\letter_ins_controller.php, line 14]
2014-04-10 17:23:46 Debug: Notice (8): Undefined variable: users in [APP\controllers\letter_ins_controller.php, line 13]
2014-04-10 17:24:11 Debug: Notice (8): Undefined variable: users in [APP\controllers\letter_ins_controller.php, line 13]
2014-04-10 17:24:11 Debug: Notice (8): Undefined variable: value in [APP\controllers\letter_ins_controller.php, line 14]
2014-04-10 17:24:41 Debug: Notice (8): Undefined variable: users in [APP\controllers\letter_ins_controller.php, line 13]
2014-04-10 17:25:04 Debug: Notice (8): Undefined variable: users in [APP\controllers\letter_ins_controller.php, line 13]
2014-04-10 17:25:28 Debug: Notice (8): Undefined variable: users in [APP\controllers\letter_ins_controller.php, line 13]
2014-04-10 17:26:17 Debug: Notice (8): Undefined variable: users in [APP\controllers\letter_ins_controller.php, line 13]
2014-04-10 17:26:32 Debug: Notice (8): Undefined variable: users in [APP\controllers\letter_ins_controller.php, line 13]
2014-04-10 17:54:00 Debug: Notice (8): Undefined variable: authRealname in [APP\views\elements\layout_head.ctp, line 6]
2014-04-10 17:54:05 Debug: Notice (8): Undefined variable: authRealname in [APP\views\elements\layout_head.ctp, line 6]
2014-04-10 17:54:16 Debug: Notice (8): Undefined variable: users in [APP\controllers\letter_ins_controller.php, line 15]
2014-04-10 17:54:16 Debug: Notice (8): Undefined index:  letterIn in [APP\controllers\letter_ins_controller.php, line 21]
2014-04-10 17:56:22 Debug: Notice (8): Undefined variable: users in [APP\controllers\letter_ins_controller.php, line 15]
2014-04-10 17:56:43 Debug: Notice (8): Undefined variable: users in [APP\controllers\letter_ins_controller.php, line 15]
2014-04-10 18:21:03 Debug: Notice (8): Undefined variable: authRealname in [APP\views\elements\layout_head.ctp, line 6]
2014-04-10 18:21:08 Debug: Notice (8): Undefined variable: authRealname in [APP\views\elements\layout_head.ctp, line 6]
2014-04-10 18:21:18 Debug: Notice (8): Undefined variable: users in [APP\controllers\letter_ins_controller.php, line 15]
2014-04-10 18:22:41 Debug: Notice (8): Undefined variable: users in [APP\controllers\letter_ins_controller.php, line 13]
2014-04-10 18:22:41 Debug: Notice (8): Undefined variable: value in [APP\controllers\letter_ins_controller.php, line 14]
2014-04-10 18:23:17 Debug: Notice (8): Undefined variable: users in [APP\controllers\letter_ins_controller.php, line 15]
2014-04-10 18:24:13 Debug: Notice (8): Undefined variable: authRealname in [APP\views\elements\layout_head.ctp, line 6]
2014-04-10 18:24:18 Debug: Notice (8): Undefined variable: authRealname in [APP\views\elements\layout_head.ctp, line 6]
2014-04-10 18:24:47 Debug: Notice (8): Undefined variable: users in [APP\controllers\letter_ins_controller.php, line 15]
2014-04-10 18:25:31 Debug: Notice (8): Undefined variable: users in [APP\controllers\letter_ins_controller.php, line 15]
2014-04-10 18:25:31 Debug: Notice (8): Undefined variable: users in [APP\controllers\letter_ins_controller.php, line 17]
2014-04-10 18:26:51 Debug: Notice (8): Undefined variable: users in [APP\controllers\letter_ins_controller.php, line 15]
2014-04-10 18:26:51 Debug: Notice (8): Undefined variable: authRealname in [APP\controllers\letter_ins_controller.php, line 17]
2014-04-10 18:28:14 Debug: Notice (8): Undefined variable: users in [APP\controllers\letter_ins_controller.php, line 15]
2014-04-10 18:28:14 Debug: Notice (8): Undefined variable: authRealname in [APP\controllers\letter_ins_controller.php, line 18]
2014-04-10 18:28:47 Debug: Notice (8): Undefined variable: users in [APP\controllers\letter_ins_controller.php, line 15]
2014-04-10 18:29:09 Debug: Notice (8): Undefined variable: users in [APP\controllers\letter_ins_controller.php, line 15]
2014-04-10 19:42:41 Debug: Notice (8): Undefined variable: authRealname in [APP\views\elements\layout_head.ctp, line 6]
2014-04-10 19:42:45 Debug: Notice (8): Undefined variable: authRealname in [APP\views\elements\layout_head.ctp, line 6]
2014-04-10 19:42:48 Debug: Notice (8): Undefined variable: authRealname in [APP\views\elements\layout_head.ctp, line 6]
2014-04-10 19:44:22 Debug: Notice (8): Undefined variable: authRealname in [APP\views\elements\layout_head.ctp, line 6]
2014-04-10 19:44:35 Debug: Notice (8): Undefined variable: authRealname in [APP\views\elements\layout_head.ctp, line 6]
2014-04-10 19:44:49 Debug: Notice (8): Undefined variable: authRealname in [APP\views\elements\layout_head.ctp, line 6]
2014-04-10 19:45:01 Debug: Notice (8): Undefined variable: authRealname in [APP\views\elements\layout_head.ctp, line 6]
2014-04-10 19:45:43 Debug: Notice (8): Undefined variable: authRealname in [APP\views\elements\layout_head.ctp, line 6]
2014-04-10 19:49:00 Debug: Notice (8): Undefined variable: authRealname in [APP\views\elements\layout_head.ctp, line 6]
2014-04-10 19:49:09 Debug: Notice (8): Undefined variable: authRealname in [APP\views\elements\layout_head.ctp, line 6]
2014-04-10 19:49:12 Debug: Notice (8): Undefined variable: authRealname in [APP\views\elements\layout_head.ctp, line 6]
2014-04-10 19:51:05 Debug: Notice (8): Undefined variable: authRealname in [APP\views\elements\layout_head.ctp, line 6]
2014-04-10 19:51:55 Debug: Notice (8): Undefined variable: authRealname in [APP\views\elements\layout_head.ctp, line 6]
2014-04-10 19:52:14 Debug: Notice (8): Undefined variable: authRealname in [APP\views\elements\layout_head.ctp, line 6]
2014-04-10 19:52:49 Debug: Notice (8): Undefined variable: authRealname in [APP\views\elements\layout_head.ctp, line 6]
2014-04-10 19:54:54 Debug: Notice (8): Undefined variable: authRealname in [APP\views\elements\layout_head.ctp, line 6]
2014-04-10 19:55:31 Debug: Notice (8): Undefined variable: authRealname in [APP\views\elements\layout_head.ctp, line 6]
2014-04-10 19:55:58 Debug: Notice (8): Undefined variable: authRealname in [APP\views\elements\layout_head.ctp, line 6]
2014-04-10 19:56:57 Debug: Notice (8): Undefined variable: authRealname in [APP\views\elements\layout_head.ctp, line 6]
2014-04-10 19:57:48 Debug: Notice (8): Undefined variable: authRealname in [APP\views\elements\layout_head.ctp, line 6]
2014-04-10 19:58:30 Debug: Notice (8): Undefined variable: authRealname in [APP\views\elements\layout_head.ctp, line 6]
2014-04-10 19:58:36 Debug: Notice (8): Undefined variable: authRealname in [APP\views\elements\layout_head.ctp, line 6]
2014-04-10 19:58:43 Debug: Notice (8): Undefined variable: authRealname in [APP\views\elements\layout_head.ctp, line 6]
2014-04-10 19:58:49 Debug: Notice (8): Undefined variable: authRealname in [APP\views\elements\layout_head.ctp, line 6]
2014-04-10 19:58:55 Debug: Notice (8): Undefined variable: authRealname in [APP\views\elements\layout_head.ctp, line 6]
2014-04-10 19:58:59 Debug: Notice (8): Undefined variable: authRealname in [APP\views\elements\layout_head.ctp, line 6]
2014-04-10 19:59:53 Debug: Notice (8): Undefined variable: authRealname in [APP\views\elements\layout_head.ctp, line 6]
2014-04-10 19:59:57 Debug: Notice (8): Undefined variable: authRealname in [APP\views\elements\layout_head.ctp, line 6]
2014-04-10 20:00:18 Debug: Notice (8): Array to string conversion in [CORE\cake\libs\model\datasources\dbo_source.php, line 582]
2014-04-10 20:00:19 Debug: Notice (8): Undefined variable: authRealname in [APP\views\elements\layout_head.ctp, line 6]
2014-04-10 20:01:45 Debug: Notice (8): Undefined variable: authRealname in [APP\views\elements\layout_head.ctp, line 6]
2014-04-10 20:01:46 Debug: Notice (8): Undefined variable: authRealname in [APP\views\elements\layout_head.ctp, line 6]
2014-04-10 20:01:49 Debug: Notice (8): Undefined variable: authRealname in [APP\views\elements\layout_head.ctp, line 6]
2014-04-10 20:01:55 Debug: Notice (8): Undefined variable: authRealname in [APP\views\elements\layout_head.ctp, line 6]
2014-04-10 20:03:25 Debug: Notice (8): Undefined variable: authRealname in [APP\views\elements\layout_head.ctp, line 6]
2014-04-10 20:03:29 Debug: Notice (8): Undefined variable: authRealname in [APP\views\elements\layout_head.ctp, line 6]
2014-04-10 20:10:23 Debug: Notice (8): Undefined variable: authRealname in [APP\views\elements\layout_head.ctp, line 6]
2014-04-10 20:10:25 Debug: Notice (8): Undefined variable: authRealname in [APP\views\elements\layout_head.ctp, line 6]
2014-04-10 20:10:32 Debug: Notice (8): Undefined variable: authRealname in [APP\views\elements\layout_head.ctp, line 6]
2014-04-10 20:12:11 Debug: Notice (8): Undefined variable: authRealname in [APP\views\elements\layout_head.ctp, line 6]
2014-04-10 20:14:16 Debug: Notice (8): Undefined variable: authRealname in [APP\views\elements\layout_head.ctp, line 6]
2014-04-10 20:14:17 Debug: Notice (8): Undefined variable: authRealname in [APP\views\elements\layout_head.ctp, line 6]
2014-04-10 20:14:22 Debug: Notice (8): Undefined variable: authRealname in [APP\views\elements\layout_head.ctp, line 6]
2014-04-10 20:14:27 Debug: Notice (8): Undefined index:  Group in [APP\views\users\index.ctp, line 49]
2014-04-10 20:14:27 Debug: Notice (8): Undefined variable: authRealname in [APP\views\elements\layout_head.ctp, line 6]
2014-04-10 20:14:36 Debug: Notice (8): Undefined variable: authRealname in [APP\views\elements\layout_head.ctp, line 6]
2014-04-10 20:14:55 Debug: Notice (8): Undefined variable: authRealname in [APP\views\elements\layout_head.ctp, line 6]
2014-04-10 20:40:06 Debug: Notice (8): Undefined variable: users in [APP\views\letter_ins\view.ctp, line 18]
2014-04-10 20:40:06 Debug: Notice (8): Undefined variable: authRealname in [APP\views\elements\layout_head.ctp, line 6]
2014-04-10 20:49:55 Debug: Notice (8): Undefined variable: authRealname in [APP\views\elements\layout_head.ctp, line 6]
2014-04-10 20:50:00 Debug: Notice (8): Undefined variable: users in [APP\views\letter_ins\view.ctp, line 18]
2014-04-10 20:50:01 Debug: Notice (8): Undefined variable: authRealname in [APP\views\elements\layout_head.ctp, line 6]
2014-04-10 21:16:58 Debug: Notice (8): Undefined variable: authRealname in [APP\views\elements\layout_head.ctp, line 6]
2014-04-10 21:17:01 Debug: Notice (8): Undefined variable: authRealname in [APP\views\elements\layout_head.ctp, line 6]
2014-04-10 21:17:04 Debug: Notice (8): Undefined variable: result in [APP\views\letter_ins\view.ctp, line 22]
2014-04-10 21:17:04 Debug: Notice (8): Undefined variable: authRealname in [APP\views\elements\layout_head.ctp, line 6]
2014-04-10 21:18:32 Debug: Notice (8): Undefined variable: authRealname in [APP\views\elements\layout_head.ctp, line 6]
2014-04-10 21:18:52 Debug: Notice (8): Undefined variable: authRealname in [APP\views\elements\layout_head.ctp, line 6]
2014-04-10 21:21:25 Debug: Notice (8): Undefined variable: authRealname in [APP\views\elements\layout_head.ctp, line 6]
2014-04-10 21:21:36 Debug: Notice (8): Undefined variable: authRealname in [APP\views\elements\layout_head.ctp, line 6]
2014-04-10 21:21:39 Debug: Notice (8): Undefined variable: authRealname in [APP\views\elements\layout_head.ctp, line 6]
2014-04-10 21:21:41 Debug: Notice (8): Undefined variable: authRealname in [APP\views\elements\layout_head.ctp, line 6]
2014-04-10 21:21:42 Debug: Notice (8): Undefined variable: authRealname in [APP\views\elements\layout_head.ctp, line 6]
2014-04-10 21:21:45 Debug: Notice (8): Undefined variable: authRealname in [APP\views\elements\layout_head.ctp, line 6]
2014-04-10 21:21:47 Debug: Notice (8): Undefined variable: authRealname in [APP\views\elements\layout_head.ctp, line 6]
2014-04-10 21:21:52 Debug: Notice (8): Undefined variable: authRealname in [APP\views\elements\layout_head.ctp, line 6]
2014-04-10 21:22:28 Debug: Notice (8): Undefined variable: authRealname in [APP\views\elements\layout_head.ctp, line 6]
2014-04-10 21:22:31 Debug: Notice (8): Undefined property:  LetterInsController::$Post in [APP\controllers\letter_ins_controller.php, line 20]
2014-04-10 21:23:38 Debug: Notice (8): Undefined variable: users in [APP\views\letter_ins\edit.ctp, line 18]
2014-04-10 21:23:38 Debug: Notice (8): Undefined variable: authRealname in [APP\views\elements\layout_head.ctp, line 6]
2014-04-10 21:32:29 Debug: Notice (8): Undefined variable: authRealname in [APP\views\elements\layout_head.ctp, line 6]
2014-04-10 21:32:41 Debug: Notice (8): Undefined variable: authRealname in [APP\views\elements\layout_head.ctp, line 6]
2014-04-10 21:32:47 Debug: Notice (8): Undefined variable: authRealname in [APP\views\elements\layout_head.ctp, line 6]
2014-04-10 21:41:49 Debug: Notice (8): Undefined variable: users in [APP\views\letter_ins\edit.ctp, line 18]
2014-04-10 21:41:50 Debug: Notice (8): Undefined variable: authRealname in [APP\views\elements\layout_head.ctp, line 6]
2014-04-10 21:44:15 Debug: Notice (8): Undefined variable: users in [APP\views\letter_ins\edit.ctp, line 15]
2014-04-10 21:44:15 Debug: Notice (8): Undefined variable: authRealname in [APP\views\elements\layout_head.ctp, line 6]
2014-04-10 21:44:34 Debug: Notice (8): Undefined variable: authRealname in [APP\views\elements\layout_head.ctp, line 6]
2014-04-10 21:46:21 Debug: Notice (8): Undefined variable: users in [APP\views\letter_ins\edit.ctp, line 18]
2014-04-10 21:46:21 Debug: Notice (8): Undefined variable: authRealname in [APP\views\elements\layout_head.ctp, line 6]
2014-04-10 21:46:46 Debug: Notice (8): Undefined variable: authRealname in [APP\views\elements\layout_head.ctp, line 6]
2014-04-10 21:46:51 Debug: Notice (8): Undefined variable: authRealname in [APP\views\elements\layout_head.ctp, line 6]
2014-04-10 21:46:55 Debug: Notice (8): Undefined variable: authRealname in [APP\views\elements\layout_head.ctp, line 6]
2014-04-10 21:47:06 Debug: Notice (8): Undefined variable: authRealname in [APP\views\elements\layout_head.ctp, line 6]
2014-04-10 21:55:10 Debug: Notice (8): Undefined variable: authRealname in [APP\views\elements\layout_head.ctp, line 6]
2014-04-10 21:56:53 Debug: Notice (8): Undefined variable: authRealname in [APP\views\elements\layout_head.ctp, line 6]
2014-04-10 21:56:57 Debug: Notice (8): Undefined variable: authRealname in [APP\views\elements\layout_head.ctp, line 6]
2014-04-10 21:58:09 Debug: Notice (8): Undefined variable: authRealname in [APP\views\elements\layout_head.ctp, line 6]
2014-04-10 21:59:48 Debug: Notice (8): Undefined variable: authRealname in [APP\views\elements\layout_head.ctp, line 6]
2014-04-10 22:00:43 Debug: Notice (8): Undefined variable: authRealname in [APP\views\elements\layout_head.ctp, line 6]
2014-04-10 22:01:02 Debug: Notice (8): Undefined variable: authRealname in [APP\views\elements\layout_head.ctp, line 6]
2014-04-10 22:03:21 Debug: Notice (8): Undefined variable: authRealname in [APP\views\elements\layout_head.ctp, line 6]
2014-04-10 22:04:58 Debug: Notice (8): Undefined index:  Groups in [APP\views\letter_ins\add.ctp, line 46]
2014-04-10 22:04:58 Debug: Notice (8): Undefined variable: authRealname in [APP\views\elements\layout_head.ctp, line 6]
2014-04-10 22:05:08 Debug: Notice (8): Undefined variable: authRealname in [APP\views\elements\layout_head.ctp, line 6]
2014-04-10 22:05:18 Debug: Notice (8): Undefined variable: authRealname in [APP\views\elements\layout_head.ctp, line 6]
2014-04-10 22:05:43 Debug: Notice (8): Undefined variable: authRealname in [APP\views\elements\layout_head.ctp, line 6]
2014-04-10 22:07:07 Debug: Notice (8): Undefined variable: authRealname in [APP\views\elements\layout_head.ctp, line 6]
2014-04-10 22:07:17 Debug: Notice (8): Undefined variable: authRealname in [APP\views\elements\layout_head.ctp, line 6]
2014-04-10 22:07:45 Debug: Notice (8): Undefined variable: authRealname in [APP\views\elements\layout_head.ctp, line 6]
2014-04-10 22:09:33 Debug: Notice (8): Undefined variable: authRealname in [APP\views\elements\layout_head.ctp, line 6]
2014-04-10 22:09:45 Debug: Notice (8): Undefined variable: authRealname in [APP\views\elements\layout_head.ctp, line 6]
2014-04-10 22:10:54 Debug: Notice (8): Undefined variable: authRealname in [APP\views\elements\layout_head.ctp, line 6]
2014-04-10 22:10:56 Debug: Notice (8): Undefined variable: authRealname in [APP\views\elements\layout_head.ctp, line 6]
2014-04-10 22:11:49 Debug: Notice (8): Undefined variable: authRealname in [APP\views\elements\layout_head.ctp, line 6]
2014-04-10 22:11:51 Debug: Notice (8): Undefined variable: authRealname in [APP\views\elements\layout_head.ctp, line 6]
2014-04-10 22:12:12 Debug: Notice (8): Undefined variable: authRealname in [APP\views\elements\layout_head.ctp, line 6]
2014-04-10 22:17:04 Debug: Notice (8): Undefined variable: authRealname in [APP\views\elements\layout_head.ctp, line 6]
2014-04-10 22:19:01 Debug: Notice (8): Undefined variable: authRealname in [APP\views\elements\layout_head.ctp, line 6]
2014-04-10 22:19:04 Debug: Notice (8): Undefined variable: authRealname in [APP\views\elements\layout_head.ctp, line 6]
2014-04-10 22:19:07 Debug: Notice (8): Undefined variable: authRealname in [APP\views\elements\layout_head.ctp, line 6]
2014-04-10 22:19:11 Debug: Notice (8): Undefined variable: authRealname in [APP\views\elements\layout_head.ctp, line 6]
2014-04-10 22:19:21 Debug: Notice (8): Undefined variable: authRealname in [APP\views\elements\layout_head.ctp, line 6]
2014-04-10 22:19:27 Debug: Notice (8): Undefined variable: authRealname in [APP\views\elements\layout_head.ctp, line 6]
2014-04-10 22:22:54 Debug: Notice (8): Undefined variable: authRealname in [APP\views\elements\layout_head.ctp, line 6]
2014-04-10 23:20:06 Debug: Notice (8): Undefined variable: authRealname in [APP\views\elements\layout_head.ctp, line 6]
2014-04-10 23:20:10 Debug: Notice (8): Undefined variable: authRealname in [APP\views\elements\layout_head.ctp, line 6]
